Running tool: /usr/local/bin/go test -benchmem -run=^$ -bench ^BenchmarkStore$ github.com/lukasschwab/tiir/pkg/store -v

goos: darwin
goarch: amd64
pkg: github.com/lukasschwab/tiir/pkg/store
cpu: Intel(R) Core(TM) i7-4850HQ CPU @ 2.30GHz
BenchmarkStore
BenchmarkStore/file:0
    /Users/lukas/Programming/tiir/pkg/store/store_test.go:28: Initializing load
    /Users/lukas/Programming/tiir/pkg/store/store_test.go:32: Benching
    /Users/lukas/Programming/tiir/pkg/store/store_test.go:28: Initializing load
    /Users/lukas/Programming/tiir/pkg/store/store_test.go:32: Benching
    /Users/lukas/Programming/tiir/pkg/store/store_test.go:28: Initializing load
    /Users/lukas/Programming/tiir/pkg/store/store_test.go:32: Benching
BenchmarkStore/file:0-8         	    3746	   5520974 ns/op	 1770239 B/op	    3768 allocs/op
BenchmarkStore/file:10
    /Users/lukas/Programming/tiir/pkg/store/store_test.go:28: Initializing load
    /Users/lukas/Programming/tiir/pkg/store/store_test.go:32: Benching
    /Users/lukas/Programming/tiir/pkg/store/store_test.go:28: Initializing load
    /Users/lukas/Programming/tiir/pkg/store/store_test.go:32: Benching
    /Users/lukas/Programming/tiir/pkg/store/store_test.go:28: Initializing load
    /Users/lukas/Programming/tiir/pkg/store/store_test.go:32: Benching
BenchmarkStore/file:10-8        	    4927	   7275048 ns/op	 2229951 B/op	    4970 allocs/op
BenchmarkStore/file:100
    /Users/lukas/Programming/tiir/pkg/store/store_test.go:28: Initializing load
    /Users/lukas/Programming/tiir/pkg/store/store_test.go:32: Benching
    /Users/lukas/Programming/tiir/pkg/store/store_test.go:28: Initializing load
    /Users/lukas/Programming/tiir/pkg/store/store_test.go:32: Benching
    /Users/lukas/Programming/tiir/pkg/store/store_test.go:28: Initializing load
    /Users/lukas/Programming/tiir/pkg/store/store_test.go:32: Benching
BenchmarkStore/file:100-8       	    2274	   3616462 ns/op	 1102406 B/op	    2494 allocs/op
BenchmarkStore/file:1000
    /Users/lukas/Programming/tiir/pkg/store/store_test.go:28: Initializing load
    /Users/lukas/Programming/tiir/pkg/store/store_test.go:32: Benching
    /Users/lukas/Programming/tiir/pkg/store/store_test.go:28: Initializing load
    /Users/lukas/Programming/tiir/pkg/store/store_test.go:32: Benching
    /Users/lukas/Programming/tiir/pkg/store/store_test.go:28: Initializing load
    /Users/lukas/Programming/tiir/pkg/store/store_test.go:32: Benching
BenchmarkStore/file:1000-8      	     384	   3551066 ns/op	 1011235 B/op	    2405 allocs/op
BenchmarkStore/mysql:0
    /Users/lukas/Programming/tiir/pkg/store/store_test.go:28: Initializing load
    /Users/lukas/Programming/tiir/pkg/store/store_test.go:32: Benching
    /Users/lukas/Programming/tiir/pkg/store/store_test.go:28: Initializing load
    /Users/lukas/Programming/tiir/pkg/store/store_test.go:32: Benching
    /Users/lukas/Programming/tiir/pkg/store/store_test.go:28: Initializing load
    /Users/lukas/Programming/tiir/pkg/store/store_test.go:32: Benching
BenchmarkStore/mysql:0-8        	    1348	   1083327 ns/op	  376269 B/op	    3916 allocs/op
BenchmarkStore/mysql:10
    /Users/lukas/Programming/tiir/pkg/store/store_test.go:28: Initializing load
    /Users/lukas/Programming/tiir/pkg/store/store_test.go:32: Benching
    /Users/lukas/Programming/tiir/pkg/store/store_test.go:28: Initializing load
    /Users/lukas/Programming/tiir/pkg/store/store_test.go:32: Benching
    /Users/lukas/Programming/tiir/pkg/store/store_test.go:28: Initializing load
    /Users/lukas/Programming/tiir/pkg/store/store_test.go:32: Benching
BenchmarkStore/mysql:10-8       	    1299	   1083043 ns/op	  377105 B/op	    3873 allocs/op
BenchmarkStore/mysql:100
    /Users/lukas/Programming/tiir/pkg/store/store_test.go:28: Initializing load
    /Users/lukas/Programming/tiir/pkg/store/store_test.go:32: Benching
    /Users/lukas/Programming/tiir/pkg/store/store_test.go:28: Initializing load
    /Users/lukas/Programming/tiir/pkg/store/store_test.go:32: Benching
    /Users/lukas/Programming/tiir/pkg/store/store_test.go:28: Initializing load
    /Users/lukas/Programming/tiir/pkg/store/store_test.go:32: Benching
BenchmarkStore/mysql:100-8      	    1345	   1122750 ns/op	  420988 B/op	    4212 allocs/op
BenchmarkStore/mysql:1000
    /Users/lukas/Programming/tiir/pkg/store/store_test.go:28: Initializing load
    /Users/lukas/Programming/tiir/pkg/store/store_test.go:32: Benching
    /Users/lukas/Programming/tiir/pkg/store/store_test.go:28: Initializing load
    /Users/lukas/Programming/tiir/pkg/store/store_test.go:32: Benching
    /Users/lukas/Programming/tiir/pkg/store/store_test.go:28: Initializing load
    /Users/lukas/Programming/tiir/pkg/store/store_test.go:32: Benching
BenchmarkStore/mysql:1000-8     	     922	   1381261 ns/op	  680654 B/op	    6279 allocs/op
PASS
ok  	github.com/lukasschwab/tiir/pkg/store	83.570s

